<?xml version="1.0" encoding="UTF-8"?>
<!-- Generated by org.testng.reporters.JUnitReportReporter -->
<testsuite hostname="ES-IN-L0077" name="com.evonsys.citi.utils.TestScreenshot" tests="1" failures="0" timestamp="11 May 2020 16:31:54 GMT" time="1.206" errors="0">
  <testcase name="test" time="1.206" classname="com.evonsys.citi.utils.TestScreenshot"/>
</testsuite> <!-- com.evonsys.citi.utils.TestScreenshot -->
