<?xml version="1.0" encoding="UTF-8"?>
<!-- Generated by org.testng.reporters.JUnitReportReporter -->
<testsuite hostname="ES-IN-L0077" name="testng.HCM_Login" tests="4" failures="0" timestamp="28 Apr 2020 06:08:15 GMT" time="125.985" errors="0">
  <testcase name="navigateTabs" time="52.890" classname="testng.HCM_Login"/>
  <testcase name="HomePage" time="10.723" classname="testng.HCM_Login"/>
  <testcase name="loginPage" time="8.734" classname="testng.HCM_Login"/>
  <testcase name="createServiceRequest" time="53.638" classname="testng.HCM_Login"/>
</testsuite> <!-- testng.HCM_Login -->
