<?xml version="1.0" encoding="UTF-8"?>
<!-- Generated by org.testng.reporters.JUnitReportReporter -->
<testsuite hostname="ES-IN-L0077" name="com.evonsys.citi.runnerClasses.HCM_LoginRunner" tests="1" failures="0" timestamp="3 Jun 2020 18:46:45 GMT" time="59.078" errors="0">
  <testcase name="feature" time="59.078" classname="com.evonsys.citi.runnerClasses.HCM_LoginRunner"/>
</testsuite> <!-- com.evonsys.citi.runnerClasses.HCM_LoginRunner -->
