<?xml version="1.0" encoding="UTF-8"?>
<!-- Generated by org.testng.reporters.JUnitReportReporter -->
<testsuite hostname="ES-IN-L0077" name="com.evonsys.citi.utils.C" tests="1" failures="0" timestamp="6 Jun 2020 13:23:35 GMT" time="0.009" errors="0">
  <testcase name="testoginC" time="0.009" classname="com.evonsys.citi.utils.C"/>
</testsuite> <!-- com.evonsys.citi.utils.C -->
