<?xml version="1.0" encoding="UTF-8"?>
<!-- Generated by org.testng.reporters.JUnitReportReporter -->
<testsuite hostname="ES-IN-L0077" name="com.evonsys.citi.utils.A" tests="1" failures="0" timestamp="28 Mar 2020 04:26:33 GMT" time="1.066" errors="0">
  <testcase name="testLogin" time="1.066" classname="com.evonsys.citi.utils.A"/>
</testsuite> <!-- com.evonsys.citi.utils.A -->
