<?xml version="1.0" encoding="UTF-8"?>
<!-- Generated by org.testng.reporters.JUnitReportReporter -->
<testsuite hostname="ES-IN-L0077" name="com.evonsys.citi.utils.B" tests="1" failures="0" timestamp="6 Jun 2020 13:28:18 GMT" time="0.008" errors="0">
  <testcase name="testoginB" time="0.008" classname="com.evonsys.citi.utils.B"/>
</testsuite> <!-- com.evonsys.citi.utils.B -->
