<?xml version="1.0" encoding="UTF-8"?>
<!-- Generated by org.testng.reporters.JUnitReportReporter -->
<testsuite hostname="ES-IN-L0077" name="com.evonsys.citi.runnerClasses.HCM_LoginRunner" tests="1" failures="0" timestamp="30 Apr 2020 11:30:35 GMT" time="0.006" errors="0">
  <testcase name="feature" time="0.006" classname="com.evonsys.citi.runnerClasses.HCM_LoginRunner"/>
</testsuite> <!-- com.evonsys.citi.runnerClasses.HCM_LoginRunner -->
