<?xml version="1.0" encoding="UTF-8"?>
<!-- Generated by org.testng.reporters.JUnitReportReporter -->
<testsuite hostname="ES-IN-L0077" name="com.evonsys.citi.utils.TestScreenshot" tests="1" failures="0" timestamp="2 Apr 2020 06:16:01 GMT" time="1.184" errors="0">
  <testcase name="test" time="1.184" classname="com.evonsys.citi.utils.TestScreenshot"/>
</testsuite> <!-- com.evonsys.citi.utils.TestScreenshot -->
