<?xml version="1.0" encoding="UTF-8"?>
<!-- Generated by org.testng.reporters.JUnitReportReporter -->
<testsuite hostname="ES-IN-L0077" name="testng.InvalidLoginCredientials" tests="1" failures="0" timestamp="28 Apr 2020 06:19:30 GMT" time="2.967" errors="0">
  <testcase name="invalidLogin" time="2.967" classname="testng.InvalidLoginCredientials"/>
</testsuite> <!-- testng.InvalidLoginCredientials -->
